[01m[Kc++:[m[K [01;31m[Kfatal error: [m[KProcessus arr√™t√© signal terminated program cc1plus
compilation terminated.
gmake[2]: *** [CMakeFiles/gazebo_ros_create_docking_status.dir/build.make:76 : CMakeFiles/gazebo_ros_create_docking_status.dir/src/gazebo_ros_docking_status.cpp.o] Erreur 1
gmake[1]: *** [CMakeFiles/Makefile2:207 : CMakeFiles/gazebo_ros_create_docking_status.dir/all] Erreur 2
gmake[1]: *** Attente des t√¢ches non termin√©es....
[01m[Kc++:[m[K [01;31m[Kfatal error: [m[KProcessus arr√™t√© signal terminated program cc1plus
compilation terminated.
gmake[2]: *** [CMakeFiles/gazebo_ros_create_imu.dir/build.make:76 : CMakeFiles/gazebo_ros_create_imu.dir/src/gazebo_ros_imu.cpp.o] Erreur 1
gmake[1]: *** [CMakeFiles/Makefile2:259 : CMakeFiles/gazebo_ros_create_imu.dir/all] Erreur 2
[01m[Kc++:[m[K [01;31m[Kfatal error: [m[KProcessus arr√™t√© signal terminated program cc1plus
compilation terminated.
gmake[2]: *** [CMakeFiles/gazebo_ros_create_cliff_sensor.dir/build.make:76 : CMakeFiles/gazebo_ros_create_cliff_sensor.dir/src/gazebo_ros_cliff_sensor.cpp.o] Erreur 1
gmake[1]: *** [CMakeFiles/Makefile2:181 : CMakeFiles/gazebo_ros_create_cliff_sensor.dir/all] Erreur 2
gmake: *** [Makefile:146 : all] Erreur 2
