[  5%] [32mBuilding CXX object CMakeFiles/gazebo_ros_create_helpers.dir/src/gazebo_ros_helpers.cpp.o[0m
[  5%] [32m[1mLinking CXX shared library libgazebo_ros_create_helpers.so[0m
[  5%] Built target gazebo_ros_create_helpers
[  5%] [32mBuilding CXX object CMakeFiles/gazebo_ros_create_cliff_sensor.dir/src/gazebo_ros_cliff_sensor.cpp.o[0m
[  5%] [32mBuilding CXX object CMakeFiles/gazebo_ros_create_ir_intensity_sensor.dir/src/gazebo_ros_ir_intensity_sensor.cpp.o[0m
[  5%] [32mBuilding CXX object CMakeFiles/gazebo_ros_create_docking_status.dir/src/gazebo_ros_docking_status.cpp.o[0m
[  5%] [32mBuilding CXX object CMakeFiles/gazebo_ros_create_imu.dir/src/gazebo_ros_imu.cpp.o[0m
[  5%] [32mBuilding CXX object CMakeFiles/gazebo_ros_create_bumper.dir/src/gazebo_ros_bumper.cpp.o[0m
[01m[Kc++:[m[K [01;31m[Kfatal error: [m[KProcessus arr√™t√© signal terminated program cc1plus
compilation terminated.
gmake[2]: *** [CMakeFiles/gazebo_ros_create_docking_status.dir/build.make:76 : CMakeFiles/gazebo_ros_create_docking_status.dir/src/gazebo_ros_docking_status.cpp.o] Erreur 1
gmake[1]: *** [CMakeFiles/Makefile2:207 : CMakeFiles/gazebo_ros_create_docking_status.dir/all] Erreur 2
gmake[1]: *** Attente des t√¢ches non termin√©es....
[01m[Kc++:[m[K [01;31m[Kfatal error: [m[KProcessus arr√™t√© signal terminated program cc1plus
compilation terminated.
gmake[2]: *** [CMakeFiles/gazebo_ros_create_imu.dir/build.make:76 : CMakeFiles/gazebo_ros_create_imu.dir/src/gazebo_ros_imu.cpp.o] Erreur 1
gmake[1]: *** [CMakeFiles/Makefile2:259 : CMakeFiles/gazebo_ros_create_imu.dir/all] Erreur 2
[01m[Kc++:[m[K [01;31m[Kfatal error: [m[KProcessus arr√™t√© signal terminated program cc1plus
compilation terminated.
gmake[2]: *** [CMakeFiles/gazebo_ros_create_cliff_sensor.dir/build.make:76 : CMakeFiles/gazebo_ros_create_cliff_sensor.dir/src/gazebo_ros_cliff_sensor.cpp.o] Erreur 1
gmake[1]: *** [CMakeFiles/Makefile2:181 : CMakeFiles/gazebo_ros_create_cliff_sensor.dir/all] Erreur 2
[  5%] [32m[1mLinking CXX shared library libgazebo_ros_create_ir_intensity_sensor.so[0m
[  5%] Built target gazebo_ros_create_ir_intensity_sensor
[  5%] [32m[1mLinking CXX shared library libgazebo_ros_create_bumper.so[0m
[  5%] Built target gazebo_ros_create_bumper
gmake: *** [Makefile:146 : all] Erreur 2
